<?xml version="1.0" encoding="UTF-8"?>
<coverage generated="1767531955610" clover="3.2.0">
  <project timestamp="1767531955610" name="All files">
    <metrics statements="37" coveredstatements="37" conditionals="11" coveredconditionals="9" methods="4" coveredmethods="4" elements="52" coveredelements="50" complexity="0" loc="37" ncloc="37" packages="1" files="1" classes="1"/>
    <file name="turn.ts" path="D:\Dev\unknown-world\frontend\src\schemas\turn.ts">
      <metrics statements="37" coveredstatements="37" conditionals="11" coveredconditionals="9" methods="4" coveredmethods="4"/>
      <line num="30" count="1" type="stmt"/>
      <line num="41" count="1" type="stmt"/>
      <line num="47" count="1" type="stmt"/>
      <line num="54" count="1" type="stmt"/>
      <line num="69" count="1" type="stmt"/>
      <line num="85" count="1" type="stmt"/>
      <line num="91" count="1" type="stmt"/>
      <line num="102" count="1" type="stmt"/>
      <line num="115" count="1" type="stmt"/>
      <line num="129" count="1" type="stmt"/>
      <line num="149" count="1" type="stmt"/>
      <line num="162" count="1" type="stmt"/>
      <line num="183" count="1" type="stmt"/>
      <line num="199" count="1" type="stmt"/>
      <line num="220" count="1" type="stmt"/>
      <line num="236" count="1" type="stmt"/>
      <line num="254" count="1" type="stmt"/>
      <line num="270" count="1" type="stmt"/>
      <line num="289" count="1" type="stmt"/>
      <line num="302" count="1" type="stmt"/>
      <line num="319" count="1" type="stmt"/>
      <line num="332" count="1" type="stmt"/>
      <line num="370" count="1" type="stmt"/>
      <line num="389" count="1" type="stmt"/>
      <line num="407" count="1" type="stmt"/>
      <line num="424" count="1" type="stmt"/>
      <line num="447" count="1" type="stmt"/>
      <line num="469" count="1" type="stmt"/>
      <line num="523" count="1" type="cond" truecount="1" falsecount="1"/>
      <line num="528" count="1" type="cond" truecount="1" falsecount="1"/>
      <line num="532" count="1" type="stmt"/>
      <line num="590" count="2" type="stmt"/>
      <line num="592" count="2" type="cond" truecount="2" falsecount="0"/>
      <line num="593" count="1" type="stmt"/>
      <line num="596" count="1" type="stmt"/>
      <line num="611" count="2" type="stmt"/>
      <line num="625" count="2" type="stmt"/>
    </file>
  </project>
</coverage>
