{"D:\\Dev\\unknown-world\\frontend\\src\\schemas\\turn.ts": {"path":"D:\\Dev\\unknown-world\\frontend\\src\\schemas\\turn.ts","statementMap":{"0":{"start":{"line":30,"column":30},"end":{"line":30,"column":null}},"1":{"start":{"line":41,"column":30},"end":{"line":41,"column":null}},"2":{"start":{"line":47,"column":27},"end":{"line":47,"column":null}},"3":{"start":{"line":54,"column":32},"end":{"line":62,"column":null}},"4":{"start":{"line":69,"column":37},"end":{"line":78,"column":null}},"5":{"start":{"line":85,"column":32},"end":{"line":85,"column":null}},"6":{"start":{"line":91,"column":31},"end":{"line":91,"column":null}},"7":{"start":{"line":102,"column":32},"end":{"line":107,"column":null}},"8":{"start":{"line":115,"column":27},"end":{"line":122,"column":null}},"9":{"start":{"line":129,"column":36},"end":{"line":138,"column":null}},"10":{"start":{"line":149,"column":32},"end":{"line":156,"column":null}},"11":{"start":{"line":162,"column":32},"end":{"line":176,"column":null}},"12":{"start":{"line":183,"column":37},"end":{"line":192,"column":null}},"13":{"start":{"line":199,"column":31},"end":{"line":209,"column":null}},"14":{"start":{"line":220,"column":32},"end":{"line":229,"column":null}},"15":{"start":{"line":236,"column":33},"end":{"line":247,"column":null}},"16":{"start":{"line":254,"column":32},"end":{"line":262,"column":null}},"17":{"start":{"line":270,"column":30},"end":{"line":278,"column":null}},"18":{"start":{"line":289,"column":31},"end":{"line":295,"column":null}},"19":{"start":{"line":302,"column":31},"end":{"line":312,"column":null}},"20":{"start":{"line":319,"column":27},"end":{"line":325,"column":null}},"21":{"start":{"line":332,"column":32},"end":{"line":359,"column":null}},"22":{"start":{"line":370,"column":30},"end":{"line":382,"column":null}},"23":{"start":{"line":389,"column":34},"end":{"line":395,"column":null}},"24":{"start":{"line":407,"column":35},"end":{"line":412,"column":null}},"25":{"start":{"line":424,"column":34},"end":{"line":436,"column":null}},"26":{"start":{"line":447,"column":34},"end":{"line":453,"column":null}},"27":{"start":{"line":469,"column":32},"end":{"line":502,"column":null}},"28":{"start":{"line":523,"column":4},"end":{"line":525,"column":null}},"29":{"start":{"line":528,"column":4},"end":{"line":530,"column":null}},"30":{"start":{"line":532,"column":2},"end":{"line":563,"column":null}},"31":{"start":{"line":590,"column":17},"end":{"line":590,"column":null}},"32":{"start":{"line":592,"column":2},"end":{"line":594,"column":null}},"33":{"start":{"line":593,"column":4},"end":{"line":593,"column":null}},"34":{"start":{"line":596,"column":2},"end":{"line":600,"column":null}},"35":{"start":{"line":611,"column":2},"end":{"line":611,"column":null}},"36":{"start":{"line":625,"column":2},"end":{"line":625,"column":null}}},"fnMap":{"0":{"name":"createFallbackTurnOutput","decl":{"start":{"line":517,"column":16},"end":{"line":517,"column":null}},"loc":{"start":{"line":521,"column":14},"end":{"line":564,"column":null}},"line":521},"1":{"name":"safeParseTurnOutput","decl":{"start":{"line":585,"column":16},"end":{"line":585,"column":null}},"loc":{"start":{"line":589,"column":25},"end":{"line":601,"column":null}},"line":589},"2":{"name":"parseTurnInput","decl":{"start":{"line":610,"column":16},"end":{"line":610,"column":31}},"loc":{"start":{"line":610,"column":57},"end":{"line":612,"column":null}},"line":610},"3":{"name":"safeParseTurnInput","decl":{"start":{"line":624,"column":16},"end":{"line":624,"column":35}},"loc":{"start":{"line":624,"column":76},"end":{"line":626,"column":null}},"line":624}},"branchMap":{"0":{"loc":{"start":{"line":519,"column":2},"end":{"line":519,"column":null}},"type":"default-arg","locations":[{"start":{"line":519,"column":24},"end":{"line":519,"column":null}}],"line":519},"1":{"loc":{"start":{"line":523,"column":4},"end":{"line":525,"column":null}},"type":"cond-expr","locations":[{"start":{"line":524,"column":8},"end":{"line":524,"column":null}},{"start":{"line":525,"column":8},"end":{"line":525,"column":null}}],"line":523},"2":{"loc":{"start":{"line":528,"column":4},"end":{"line":530,"column":null}},"type":"cond-expr","locations":[{"start":{"line":529,"column":8},"end":{"line":529,"column":null}},{"start":{"line":530,"column":8},"end":{"line":530,"column":null}}],"line":528},"3":{"loc":{"start":{"line":534,"column":15},"end":{"line":534,"column":null}},"type":"binary-expr","locations":[{"start":{"line":534,"column":15},"end":{"line":534,"column":31}},{"start":{"line":534,"column":31},"end":{"line":534,"column":null}}],"line":534},"4":{"loc":{"start":{"line":587,"column":2},"end":{"line":587,"column":null}},"type":"default-arg","locations":[{"start":{"line":587,"column":23},"end":{"line":587,"column":null}}],"line":587},"5":{"loc":{"start":{"line":588,"column":2},"end":{"line":588,"column":null}},"type":"default-arg","locations":[{"start":{"line":588,"column":24},"end":{"line":588,"column":null}}],"line":588},"6":{"loc":{"start":{"line":592,"column":2},"end":{"line":594,"column":null}},"type":"if","locations":[{"start":{"line":592,"column":2},"end":{"line":594,"column":null}},{"start":{},"end":{}}],"line":592}},"s":{"0":1,"1":1,"2":1,"3":1,"4":1,"5":1,"6":1,"7":1,"8":1,"9":1,"10":1,"11":1,"12":1,"13":1,"14":1,"15":1,"16":1,"17":1,"18":1,"19":1,"20":1,"21":1,"22":1,"23":1,"24":1,"25":1,"26":1,"27":1,"28":1,"29":1,"30":1,"31":2,"32":2,"33":1,"34":1,"35":2,"36":2},"f":{"0":1,"1":2,"2":2,"3":2},"b":{"0":[1],"1":[1,0],"2":[1,0],"3":[1,1],"4":[2],"5":[2],"6":[1,1]},"meta":{"lastBranch":7,"lastFunction":4,"lastStatement":37,"seen":{"s:30:30:30:Infinity":0,"s:41:30:41:Infinity":1,"s:47:27:47:Infinity":2,"s:54:32:62:Infinity":3,"s:69:37:78:Infinity":4,"s:85:32:85:Infinity":5,"s:91:31:91:Infinity":6,"s:102:32:107:Infinity":7,"s:115:27:122:Infinity":8,"s:129:36:138:Infinity":9,"s:149:32:156:Infinity":10,"s:162:32:176:Infinity":11,"s:183:37:192:Infinity":12,"s:199:31:209:Infinity":13,"s:220:32:229:Infinity":14,"s:236:33:247:Infinity":15,"s:254:32:262:Infinity":16,"s:270:30:278:Infinity":17,"s:289:31:295:Infinity":18,"s:302:31:312:Infinity":19,"s:319:27:325:Infinity":20,"s:332:32:359:Infinity":21,"s:370:30:382:Infinity":22,"s:389:34:395:Infinity":23,"s:407:35:412:Infinity":24,"s:424:34:436:Infinity":25,"s:447:34:453:Infinity":26,"s:469:32:502:Infinity":27,"f:517:16:517:Infinity":0,"b:519:24:519:Infinity":0,"s:523:4:525:Infinity":28,"b:524:8:524:Infinity:525:8:525:Infinity":1,"s:528:4:530:Infinity":29,"b:529:8:529:Infinity:530:8:530:Infinity":2,"s:532:2:563:Infinity":30,"b:534:15:534:31:534:31:534:Infinity":3,"f:585:16:585:Infinity":1,"b:587:23:587:Infinity":4,"b:588:24:588:Infinity":5,"s:590:17:590:Infinity":31,"b:592:2:594:Infinity:undefined:undefined:undefined:undefined":6,"s:592:2:594:Infinity":32,"s:593:4:593:Infinity":33,"s:596:2:600:Infinity":34,"f:610:16:610:31":2,"s:611:2:611:Infinity":35,"f:624:16:624:35":3,"s:625:2:625:Infinity":36}}}
}
